2023-06-08 17:24:59,732 INFO logs_decor.py Была вызвана функция start_server c параметрами (), {} в 2023-06-08 17:24:59 Вызов из модуля __main__. Вызов из функции start_server().Вызов из функции <module>
2023-06-08 19:57:32,729 INFO logs_decor.py Была вызвана функция start_server c параметрами (), {} в 2023-06-08 19:57:32 Вызов из модуля __main__. Вызов из функции start_server().Вызов из функции <module>
2023-06-08 19:57:47,554 INFO server.py Получено сообщение sdfl
2023-06-08 19:58:29,604 INFO server.py Получено сообщение sdfsd
2023-06-08 19:58:56,083 INFO server.py Получено сообщение sdfdsf
2023-06-08 19:59:12,103 INFO server.py Получено сообщение 1234
2023-06-08 19:59:29,126 INFO server.py Получено сообщение 
2023-06-08 19:59:30,130 INFO server.py Получено сообщение 
2023-06-08 19:59:31,001 INFO server.py Получено сообщение 
2023-06-08 20:00:55,867 INFO logs_decor.py Была вызвана функция start_server c параметрами (), {} в 2023-06-08 20:00:55 Вызов из модуля __main__. Вызов из функции None,.Вызов из функции <module>
2023-06-08 20:01:03,589 INFO logs_decor.py Была вызвана функция start_server c параметрами (), {} в 2023-06-08 20:01:03 Вызов из модуля __main__. Вызов из функции None,.Вызов из функции <module>
2023-06-08 20:02:10,656 INFO logs_decor.py Была вызвана функция start_server c параметрами (), {} в 2023-06-08 20:02:10 Вызов из модуля __main__. Вызов из функции None,.Вызов из функции <module>
2023-06-08 20:02:53,964 INFO server.py Получено сообщение asdfsdf
2023-06-08 20:03:14,993 INFO server.py Получено сообщение sdf
2023-06-08 20:03:44,034 INFO server.py Получено сообщение 
2023-06-08 20:03:45,036 INFO server.py Получено сообщение 
2023-06-08 20:03:46,038 INFO server.py Получено сообщение 
2023-06-08 20:03:47,040 INFO server.py Получено сообщение 
2023-06-08 20:03:48,041 INFO server.py Получено сообщение 
2023-06-08 20:03:49,044 INFO server.py Получено сообщение 
2023-06-08 20:03:50,046 INFO server.py Получено сообщение 
2023-06-08 20:03:51,048 INFO server.py Получено сообщение 
2023-06-08 20:03:52,050 INFO server.py Получено сообщение 
2023-06-08 20:03:53,052 INFO server.py Получено сообщение 
2023-06-08 20:03:54,055 INFO server.py Получено сообщение 
2023-06-08 20:03:55,057 INFO server.py Получено сообщение 
2023-06-08 20:03:56,057 INFO server.py Получено сообщение 
2023-06-08 20:03:57,060 INFO server.py Получено сообщение 
2023-06-08 20:03:58,062 INFO server.py Получено сообщение 
2023-06-08 20:03:59,063 INFO server.py Получено сообщение 
2023-06-08 20:04:00,064 INFO server.py Получено сообщение 
2023-06-08 20:04:01,066 INFO server.py Получено сообщение 
2023-06-08 20:04:02,068 INFO server.py Получено сообщение 
2023-06-08 20:04:03,069 INFO server.py Получено сообщение 
2023-06-08 20:04:04,071 INFO server.py Получено сообщение 
2023-06-08 20:04:05,073 INFO server.py Получено сообщение 
2023-06-08 20:04:06,074 INFO server.py Получено сообщение 
2023-06-08 20:04:07,075 INFO server.py Получено сообщение 
2023-06-08 20:04:08,077 INFO server.py Получено сообщение 
2023-06-08 20:04:09,077 INFO server.py Получено сообщение 
2023-06-08 20:04:10,079 INFO server.py Получено сообщение 
2023-06-08 20:04:11,081 INFO server.py Получено сообщение 
2023-06-08 20:04:12,085 INFO server.py Получено сообщение 
2023-06-08 20:04:13,087 INFO server.py Получено сообщение 
2023-06-08 20:04:14,089 INFO server.py Получено сообщение 
2023-06-08 20:04:15,091 INFO server.py Получено сообщение 
2023-06-08 20:04:16,093 INFO server.py Получено сообщение 
2023-06-08 20:04:17,096 INFO server.py Получено сообщение 
2023-06-08 20:04:18,097 INFO server.py Получено сообщение 
2023-06-08 20:04:19,099 INFO server.py Получено сообщение 
2023-06-08 20:04:20,101 INFO server.py Получено сообщение 
2023-06-08 20:04:21,102 INFO server.py Получено сообщение 
2023-06-08 20:04:22,103 INFO server.py Получено сообщение 
2023-06-08 20:04:23,104 INFO server.py Получено сообщение 
2023-06-08 20:04:24,105 INFO server.py Получено сообщение 
2023-06-08 20:04:25,107 INFO server.py Получено сообщение 
2023-06-08 20:04:26,108 INFO server.py Получено сообщение 
2023-06-08 20:04:27,110 INFO server.py Получено сообщение 
2023-06-08 20:04:28,111 INFO server.py Получено сообщение 
2023-06-08 20:04:29,113 INFO server.py Получено сообщение 
2023-06-08 20:04:30,114 INFO server.py Получено сообщение 
2023-06-08 20:04:31,116 INFO server.py Получено сообщение 
2023-06-08 20:04:32,117 INFO server.py Получено сообщение 
2023-06-08 20:04:33,119 INFO server.py Получено сообщение 
2023-06-08 20:04:34,121 INFO server.py Получено сообщение 
2023-06-08 20:04:35,123 INFO server.py Получено сообщение 
2023-06-08 20:04:36,125 INFO server.py Получено сообщение 
2023-06-08 20:04:37,126 INFO server.py Получено сообщение 
2023-06-08 20:04:38,128 INFO server.py Получено сообщение 
2023-06-08 20:04:39,130 INFO server.py Получено сообщение 
2023-06-08 20:04:40,132 INFO server.py Получено сообщение 
2023-06-08 20:04:41,133 INFO server.py Получено сообщение 
2023-06-08 20:04:42,136 INFO server.py Получено сообщение 
2023-06-08 20:04:43,138 INFO server.py Получено сообщение 
2023-06-08 20:04:44,140 INFO server.py Получено сообщение 
2023-06-08 20:04:45,142 INFO server.py Получено сообщение 
2023-06-08 20:04:46,144 INFO server.py Получено сообщение 
2023-06-08 20:04:47,145 INFO server.py Получено сообщение 
2023-06-08 20:04:48,146 INFO server.py Получено сообщение 
2023-06-08 20:04:49,147 INFO server.py Получено сообщение 
2023-06-08 20:04:50,149 INFO server.py Получено сообщение 
2023-06-08 20:04:51,149 INFO server.py Получено сообщение 
2023-06-08 20:04:52,150 INFO server.py Получено сообщение 
2023-06-08 20:04:53,152 INFO server.py Получено сообщение 
2023-06-08 20:04:54,154 INFO server.py Получено сообщение 
2023-06-08 20:04:55,156 INFO server.py Получено сообщение 
2023-06-08 20:04:56,157 INFO server.py Получено сообщение 
2023-06-08 20:04:57,159 INFO server.py Получено сообщение 
2023-06-08 20:04:58,160 INFO server.py Получено сообщение 
2023-06-08 20:04:59,162 INFO server.py Получено сообщение 
2023-06-08 20:05:00,163 INFO server.py Получено сообщение 
2023-06-08 20:05:01,165 INFO server.py Получено сообщение 
2023-06-08 20:05:02,166 INFO server.py Получено сообщение 
2023-06-08 20:05:03,168 INFO server.py Получено сообщение 
2023-06-08 20:05:04,170 INFO server.py Получено сообщение 
2023-06-08 20:05:05,172 INFO server.py Получено сообщение 
2023-06-08 20:05:06,174 INFO server.py Получено сообщение 
2023-06-08 20:05:07,186 INFO server.py Получено сообщение 
2023-06-08 20:05:08,189 INFO server.py Получено сообщение 
2023-06-08 20:05:09,190 INFO server.py Получено сообщение 
2023-06-08 20:05:10,191 INFO server.py Получено сообщение 
2023-06-08 20:05:11,193 INFO server.py Получено сообщение 
2023-06-08 20:05:12,195 INFO server.py Получено сообщение 
2023-06-08 20:05:13,197 INFO server.py Получено сообщение 
2023-06-08 20:05:14,198 INFO server.py Получено сообщение 
2023-06-08 20:05:15,199 INFO server.py Получено сообщение 
2023-06-08 20:05:16,201 INFO server.py Получено сообщение 
2023-06-08 20:05:17,203 INFO server.py Получено сообщение 
2023-06-08 20:05:18,206 INFO server.py Получено сообщение 
2023-06-08 20:05:19,208 INFO server.py Получено сообщение 
2023-06-08 20:05:20,210 INFO server.py Получено сообщение 
2023-06-08 20:05:21,211 INFO server.py Получено сообщение 
2023-06-08 20:05:22,214 INFO server.py Получено сообщение 
2023-06-08 20:05:23,215 INFO server.py Получено сообщение 
2023-06-08 20:05:24,217 INFO server.py Получено сообщение 
2023-06-08 20:05:25,085 INFO server.py Получено сообщение 
2023-06-08 20:05:26,087 INFO server.py Получено сообщение 
2023-06-08 20:05:27,089 INFO server.py Получено сообщение 
2023-06-08 20:05:28,092 INFO server.py Получено сообщение 
2023-06-08 20:05:29,094 INFO server.py Получено сообщение 
2023-06-08 20:05:30,096 INFO server.py Получено сообщение 
2023-06-08 20:05:31,098 INFO server.py Получено сообщение 
2023-06-08 20:05:32,100 INFO server.py Получено сообщение 
2023-06-08 20:05:33,102 INFO server.py Получено сообщение 
2023-06-08 20:05:34,102 INFO server.py Получено сообщение 
2023-06-08 20:05:35,104 INFO server.py Получено сообщение 
2023-06-08 20:05:36,105 INFO server.py Получено сообщение 
2023-06-08 20:05:37,107 INFO server.py Получено сообщение 
2023-06-08 20:05:38,109 INFO server.py Получено сообщение 
2023-06-08 20:05:39,110 INFO server.py Получено сообщение 
2023-06-08 20:05:40,112 INFO server.py Получено сообщение 
2023-06-08 20:07:50,916 INFO logs_decor.py Была вызвана функция start_server c параметрами (), {} в 2023-06-08 20:07:50 Вызов из модуля __main__. Вызов из функции start_server().Вызов из функции <module>
2023-06-08 20:08:52,172 INFO server.py Получено сообщение sasds
2023-06-08 20:09:41,233 INFO server.py Получено сообщение 
2023-06-08 20:09:42,233 INFO server.py Получено сообщение 
2023-06-08 20:09:43,235 INFO server.py Получено сообщение 
2023-06-08 20:09:44,237 INFO server.py Получено сообщение 
2023-06-08 20:09:45,238 INFO server.py Получено сообщение 
2023-06-08 20:10:58,147 INFO logs_decor.py Была вызвана функция start_server c параметрами (), {} в 2023-06-08 20:10:50 Вызов из модуля __main__. Вызов из функции None,.Вызов из функции <module>
2023-06-08 20:14:37,360 INFO server.py Получено сообщение dsdfdsf
